<?xml version="1.0" encoding="UTF-8"?>
<!-- Generated by org.testng.reporters.JUnitReportReporter -->
<testsuite hostname="Rodneys-MBP" failures="0" tests="2" name="tests.TestsExamples" time="1.952" errors="0" timestamp="2021-05-12T13:53:16 CDT" skipped="0">
  <testcase classname="tests.TestsExamples" name="test_2" time="0.610"/>
  <system-out/>
  <testcase classname="tests.TestsExamples" name="test_1" time="1.342"/>
  <system-out/>
</testsuite> <!-- tests.TestsExamples -->
