<?xml version="1.0" encoding="UTF-8"?>
<!-- Generated by org.testng.reporters.JUnitReportReporter -->
<testsuite hostname="Rodneys-MBP" failures="0" tests="1" name="tests.GetAndPostExamples" time="2.019" errors="0" timestamp="2021-05-13T11:59:45 CDT" skipped="0">
  <testcase classname="tests.GetAndPostExamples" name="testPost" time="2.019"/>
  <system-out/>
</testsuite> <!-- tests.GetAndPostExamples -->
