<?xml version="1.0" encoding="UTF-8"?>
<!-- Generated by org.testng.reporters.JUnitReportReporter -->
<testsuite hostname="Rodneys-MBP" failures="0" tests="3" name="tests.PutPatchDeleteExamples" time="2.920" errors="0" timestamp="2021-05-13T13:21:34 CDT" skipped="0">
  <testcase classname="tests.PutPatchDeleteExamples" name="testPatch" time="0.476"/>
  <system-out/>
  <testcase classname="tests.PutPatchDeleteExamples" name="testDelete" time="2.083"/>
  <system-out/>
  <testcase classname="tests.PutPatchDeleteExamples" name="testPut" time="0.361"/>
  <system-out/>
</testsuite> <!-- tests.PutPatchDeleteExamples -->
